<?xml version="1.0" encoding="UTF-8"?>
<!-- Generated by org.testng.reporters.JUnitXMLReporter -->
<testsuite hostname="Sreekumar" name="Lufthansa Test" tests="3" failures="0" timestamp="19 Mar 2021 09:56:24 GMT" time="155.585" errors="0">
  <testcase name="lufthansaLoginPageTitleTest" time="0.117" classname="com.lufthansa.qa.testcases.LufthansaLoginPageTest"/>
  <testcase name="lufthansaLoginTest" time="21.77" classname="com.lufthansa.qa.testcases.LufthansaLoginPageTest"/>
  <testcase name="lufthansaLogoTest" time="0.076" classname="com.lufthansa.qa.testcases.LufthansaLoginPageTest"/>
</testsuite> <!-- Lufthansa Test -->
