<?xml version="1.0" encoding="UTF-8"?>
<!-- Generated by org.testng.reporters.JUnitXMLReporter -->
<testsuite hostname="Sreekumar" name="Lufthansa Test" tests="3" failures="0" timestamp="19 Mar 2021 10:08:51 GMT" time="73.495" errors="0">
  <testcase name="lufthansaLoginPageTitleTest" time="0.032" classname="com.lufthansa.qa.testcases.LufthansaLoginPageTest"/>
  <testcase name="lufthansaLoginTest" time="4.566" classname="com.lufthansa.qa.testcases.LufthansaLoginPageTest"/>
  <testcase name="lufthansaLogoTest" time="0.071" classname="com.lufthansa.qa.testcases.LufthansaLoginPageTest"/>
</testsuite> <!-- Lufthansa Test -->
