<?xml version="1.0" encoding="UTF-8"?>
<!-- Generated by org.testng.reporters.JUnitXMLReporter -->
<testsuite hostname="Sreekumar" name="Lufthansa Test" tests="3" failures="0" timestamp="17 Mar 2021 11:23:46 GMT" time="69.059" errors="0">
  <testcase name="lufthansaLoginPageTitleTest" time="0.031" classname="com.lufthansa.qa.testcases.LufthansaLoginPageTest"/>
  <testcase name="lufthansaLoginTest" time="3.424" classname="com.lufthansa.qa.testcases.LufthansaLoginPageTest"/>
  <testcase name="lufthansaLogoTest" time="0.056" classname="com.lufthansa.qa.testcases.LufthansaLoginPageTest"/>
</testsuite> <!-- Lufthansa Test -->
